This is pdfTeXk, Version 3.141592-1.40.3 (Web2C 7.5.6) (format=pdflatex 2009.11.2)  24 MAR 2010 14:43
entering extended mode
 %&-line parsing enabled.
**for_review.tex
(./for_review.tex
LaTeX2e <2005/12/01>
Babel <v3.8h> and hyphenation patterns for english, usenglishmax, dumylang, noh
yphenation, loaded.
(./llncs.cls
Document Class: llncs 2002/01/28 v2.13 
 LaTeX document class for Lecture Notes in Computer Science
(/usr/share/texmf-texlive/tex/latex/base/article.cls
Document Class: article 2005/09/16 v1.4f Standard LaTeX document class
(/usr/share/texmf-texlive/tex/latex/base/size10.clo
File: size10.clo 2005/09/16 v1.4f Standard LaTeX file (size option)
)
\c@part=\count79
\c@section=\count80
\c@subsection=\count81
\c@subsubsection=\count82
\c@paragraph=\count83
\c@subparagraph=\count84
\c@figure=\count85
\c@table=\count86
\abovecaptionskip=\skip41
\belowcaptionskip=\skip42
\bibindent=\dimen102
)
(/usr/share/texmf-texlive/tex/latex/tools/multicol.sty
Package: multicol 2006/05/18 v1.6g multicolumn formatting (FMi)
\c@tracingmulticols=\count87
\mult@box=\box26
\multicol@leftmargin=\dimen103
\c@unbalance=\count88
\c@collectmore=\count89
\doublecol@number=\count90
\multicoltolerance=\count91
\multicolpretolerance=\count92
\full@width=\dimen104
\page@free=\dimen105
\premulticols=\dimen106
\postmulticols=\dimen107
\multicolsep=\skip43
\multicolbaselineskip=\skip44
\partial@page=\box27
\last@line=\box28
\mult@rightbox=\box29
\mult@grightbox=\box30
\mult@gfirstbox=\box31
\mult@firstbox=\box32
\@tempa=\box33
\@tempa=\box34
\@tempa=\box35
\@tempa=\box36
\@tempa=\box37
\@tempa=\box38
\@tempa=\box39
\@tempa=\box40
\@tempa=\box41
\@tempa=\box42
\@tempa=\box43
\@tempa=\box44
\@tempa=\box45
\@tempa=\box46
\@tempa=\box47
\@tempa=\box48
\@tempa=\box49
\c@columnbadness=\count93
\c@finalcolumnbadness=\count94
\last@try=\dimen108
\multicolovershoot=\dimen109
\multicolundershoot=\dimen110
\mult@nat@firstbox=\box50
\colbreak@box=\box51
)
\c@chapter=\count95
LaTeX Font Info:    Redeclaring math symbol \Gamma on input line 360.
LaTeX Font Info:    Redeclaring math symbol \Delta on input line 361.
LaTeX Font Info:    Redeclaring math symbol \Theta on input line 362.
LaTeX Font Info:    Redeclaring math symbol \Lambda on input line 363.
LaTeX Font Info:    Redeclaring math symbol \Xi on input line 364.
LaTeX Font Info:    Redeclaring math symbol \Pi on input line 365.
LaTeX Font Info:    Redeclaring math symbol \Sigma on input line 366.
LaTeX Font Info:    Redeclaring math symbol \Upsilon on input line 367.
LaTeX Font Info:    Redeclaring math symbol \Phi on input line 368.
LaTeX Font Info:    Redeclaring math symbol \Psi on input line 369.
LaTeX Font Info:    Redeclaring math symbol \Omega on input line 370.
\tocchpnum=\dimen111
\tocsecnum=\dimen112
\tocsectotal=\dimen113
\tocsubsecnum=\dimen114
\tocsubsectotal=\dimen115
\tocsubsubsecnum=\dimen116
\tocsubsubsectotal=\dimen117
\tocparanum=\dimen118
\tocparatotal=\dimen119
\tocsubparanum=\dimen120
\@tempcntc=\count96
\fnindent=\dimen121
\c@@inst=\count97
\c@@auth=\count98
\c@auco=\count99
\instindent=\dimen122
\authrun=\box52
\authorrunning=\toks14
\tocauthor=\toks15
\titrun=\box53
\titlerunning=\toks16
\toctitle=\toks17
\c@theorem=\count100
\c@case=\count101
\c@conjecture=\count102
\c@corollary=\count103
\c@definition=\count104
\c@example=\count105
\c@exercise=\count106
\c@lemma=\count107
\c@note=\count108
\c@problem=\count109
\c@property=\count110
\c@proposition=\count111
\c@question=\count112
\c@solution=\count113
\c@remark=\count114
\headlineindent=\dimen123
) (./preamble.tex
(/usr/share/texmf-texlive/tex/latex/graphics/epsfig.sty
Package: epsfig 1999/02/16 v1.7a (e)psfig emulation (SPQR)

(/usr/share/texmf-texlive/tex/latex/graphics/graphicx.sty
Package: graphicx 1999/02/16 v1.0f Enhanced LaTeX Graphics (DPC,SPQR)

(/usr/share/texmf-texlive/tex/latex/graphics/keyval.sty
Package: keyval 1999/03/16 v1.13 key=value parser (DPC)
\KV@toks@=\toks18
)
(/usr/share/texmf-texlive/tex/latex/graphics/graphics.sty
Package: graphics 2006/02/20 v1.0o Standard LaTeX Graphics (DPC,SPQR)

(/usr/share/texmf-texlive/tex/latex/graphics/trig.sty
Package: trig 1999/03/16 v1.09 sin cos tan (DPC)
)
(/etc/texmf/tex/latex/config/graphics.cfg
File: graphics.cfg 2007/01/18 v1.5 graphics configuration of teTeX/TeXLive
)
Package graphics Info: Driver file: pdftex.def on input line 90.

(/usr/share/texmf-texlive/tex/latex/pdftex-def/pdftex.def
File: pdftex.def 2007/01/08 v0.04d Graphics/color for pdfTeX
\Gread@gobject=\count115
))
\Gin@req@height=\dimen124
\Gin@req@width=\dimen125
)
\epsfxsize=\dimen126
\epsfysize=\dimen127
)
(/usr/share/texmf-texlive/tex/latex/amsmath/amsmath.sty
Package: amsmath 2000/07/18 v2.13 AMS math features
\@mathmargin=\skip45

For additional information on amsmath, use the `?' option.
(/usr/share/texmf-texlive/tex/latex/amsmath/amstext.sty
Package: amstext 2000/06/29 v2.01

(/usr/share/texmf-texlive/tex/latex/amsmath/amsgen.sty
File: amsgen.sty 1999/11/30 v2.0
\@emptytoks=\toks19
\ex@=\dimen128
))
(/usr/share/texmf-texlive/tex/latex/amsmath/amsbsy.sty
Package: amsbsy 1999/11/29 v1.2d
\pmbraise@=\dimen129
)
(/usr/share/texmf-texlive/tex/latex/amsmath/amsopn.sty
Package: amsopn 1999/12/14 v2.01 operator names
)
\inf@bad=\count116
LaTeX Info: Redefining \frac on input line 211.
\uproot@=\count117
\leftroot@=\count118
LaTeX Info: Redefining \overline on input line 307.
\classnum@=\count119
\DOTSCASE@=\count120
LaTeX Info: Redefining \ldots on input line 379.
LaTeX Info: Redefining \dots on input line 382.
LaTeX Info: Redefining \cdots on input line 467.
\Mathstrutbox@=\box54
\strutbox@=\box55
\big@size=\dimen130
LaTeX Font Info:    Redeclaring font encoding OML on input line 567.
LaTeX Font Info:    Redeclaring font encoding OMS on input line 568.


Package amsmath Warning: Unable to redefine math accent \vec.

\macc@depth=\count121
\c@MaxMatrixCols=\count122
\dotsspace@=\muskip10
\c@parentequation=\count123
\dspbrk@lvl=\count124
\tag@help=\toks20
\row@=\count125
\column@=\count126
\maxfields@=\count127
\andhelp@=\toks21
\eqnshift@=\dimen131
\alignsep@=\dimen132
\tagshift@=\dimen133
\tagwidth@=\dimen134
\totwidth@=\dimen135
\lineht@=\dimen136
\@envbody=\toks22
\multlinegap=\skip46
\multlinetaggap=\skip47
\mathdisplay@stack=\toks23
LaTeX Info: Redefining \[ on input line 2666.
LaTeX Info: Redefining \] on input line 2667.
) (/usr/share/texmf-texlive/tex/latex/amsfonts/amssymb.sty
Package: amssymb 2002/01/22 v2.2d

(/usr/share/texmf-texlive/tex/latex/amsfonts/amsfonts.sty
Package: amsfonts 2001/10/25 v2.2f
\symAMSa=\mathgroup4
\symAMSb=\mathgroup5
LaTeX Font Info:    Overwriting math alphabet `\mathfrak' in version `bold'
(Font)                  U/euf/m/n --> U/euf/b/n on input line 132.
)) (./lineno.sty
Package: lineno 2005/11/02 line numbers on paragraphs v4.41
\linenopenalty=\count128
\output=\toks24
\linenoprevgraf=\count129
\linenumbersep=\dimen137
\linenumberwidth=\dimen138
\c@linenumber=\count130
\c@pagewiselinenumber=\count131
\c@LN@truepage=\count132
\c@internallinenumber=\count133
\c@internallinenumbers=\count134
\quotelinenumbersep=\dimen139
\bframerule=\dimen140
\bframesep=\dimen141
\bframebox=\box56
LaTeX Info: Redefining \\ on input line 3057.
)
(/usr/share/texmf-texlive/tex/latex/graphics/color.sty
Package: color 2005/11/14 v1.0j Standard LaTeX Color (DPC)

(/etc/texmf/tex/latex/config/color.cfg
File: color.cfg 2007/01/18 v1.5 color configuration of teTeX/TeXLive
)
Package color Info: Driver file: pdftex.def on input line 130.
)
(/usr/share/texmf-texlive/tex/latex/tools/xspace.sty
Package: xspace 2006/05/08 v1.12 Space after command names (DPC,MH)
)
(/usr/share/texmf-texlive/tex/latex/algorithms/algorithm.sty
Package: algorithm 

Document Style `algorithm' - floating environment
(/usr/share/texmf-texlive/tex/latex/float/float.sty
Package: float 2001/11/08 v1.3d Float enhancements (AL)
\c@float@type=\count135
\float@exts=\toks25
\float@box=\box57
\@float@everytoks=\toks26
\@floatcapt=\box58
)
(/usr/share/texmf-texlive/tex/latex/base/ifthen.sty
Package: ifthen 2001/05/26 v1.1c Standard LaTeX ifthen package (DPC)
)
\@float@every@algorithm=\toks27
\c@algorithm=\count136
)
(/usr/share/texmf-texlive/tex/latex/algorithms/algorithmic.sty
Package: algorithmic 2006/06/02

Document Style `algorithmic' - environment
(/usr/share/texmf-texlive/tex/latex/tools/calc.sty
Package: calc 2005/08/06 v4.2 Infix arithmetic (KKT,FJ)
\calc@Acount=\count137
\calc@Bcount=\count138
\calc@Adimen=\dimen142
\calc@Bdimen=\dimen143
\calc@Askip=\skip48
\calc@Bskip=\skip49
LaTeX Info: Redefining \setlength on input line 75.
LaTeX Info: Redefining \addtolength on input line 76.
\calc@Ccount=\count139
\calc@Cskip=\skip50
)
\c@ALC@line=\count140
\c@ALC@rem=\count141
\c@ALC@depth=\count142
\ALC@tlm=\skip51
\algorithmicindent=\skip52
)
(/usr/share/texmf-texlive/tex/latex/tools/verbatim.sty
Package: verbatim 2003/08/22 v1.5q LaTeX2e package for verbatim enhancements
\every@verbatim=\toks28
\verbatim@line=\toks29
\verbatim@in@stream=\read1
)
(/usr/share/texmf-texlive/tex/latex/base/latexsym.sty
Package: latexsym 1998/08/17 v2.2e Standard LaTeX package (lasy symbols)
\symlasy=\mathgroup6
LaTeX Font Info:    Overwriting symbol font `lasy' in version `bold'
(Font)                  U/lasy/m/n --> U/lasy/b/n on input line 47.
)
(/usr/share/texmf-texlive/tex/latex/subfig/subfig.sty
Package: subfig 2005/06/28 ver: 1.3 subfig package

(/usr/share/texmf-texlive/tex/latex/caption/caption.sty
Package: caption 2007/01/07 v3.0k Customising captions (AR)

(/usr/share/texmf-texlive/tex/latex/caption/caption3.sty
Package: caption3 2007/01/07 v3.0k caption3 kernel (AR)
\captionmargin=\dimen144
\captionmarginx=\dimen145
\captionwidth=\dimen146
\captionindent=\dimen147
\captionparindent=\dimen148
\captionhangindent=\dimen149
)
Package caption Info: float package v1.3 (or newer) detected on input line 275.

)
\c@KVtest=\count143
\sf@farskip=\skip53
\sf@captopadj=\dimen150
\sf@capskip=\skip54
\sf@nearskip=\skip55
\c@subfigure=\count144
\c@subfigure@save=\count145
\c@lofdepth=\count146
\c@subtable=\count147
\c@subtable@save=\count148
\c@lotdepth=\count149
\sf@top=\skip56
\sf@bottom=\skip57
)) (./for_review.aux)
\openout1 = `for_review.aux'.

LaTeX Font Info:    Checking defaults for OML/cmm/m/it on input line 11.
LaTeX Font Info:    ... okay on input line 11.
LaTeX Font Info:    Checking defaults for T1/cmr/m/n on input line 11.
LaTeX Font Info:    ... okay on input line 11.
LaTeX Font Info:    Checking defaults for OT1/cmr/m/n on input line 11.
LaTeX Font Info:    ... okay on input line 11.
LaTeX Font Info:    Checking defaults for OMS/cmsy/m/n on input line 11.
LaTeX Font Info:    ... okay on input line 11.
LaTeX Font Info:    Checking defaults for OMX/cmex/m/n on input line 11.
LaTeX Font Info:    ... okay on input line 11.
LaTeX Font Info:    Checking defaults for U/cmr/m/n on input line 11.
LaTeX Font Info:    ... okay on input line 11.
(/usr/share/texmf-texlive/tex/latex/ragged2e/ragged2e.sty
Package: ragged2e 2003/03/25 v2.04 ragged2e Package (MS)

(/usr/share/texmf-texlive/tex/latex/everysel/everysel.sty
Package: everysel 1999/06/08 v1.03 EverySelectfont Package (MS)
LaTeX Info: Redefining \selectfont on input line 125.
)
\CenteringLeftskip=\skip58
\RaggedLeftLeftskip=\skip59
\RaggedRightLeftskip=\skip60
\CenteringRightskip=\skip61
\RaggedLeftRightskip=\skip62
\RaggedRightRightskip=\skip63
\CenteringParfillskip=\skip64
\RaggedLeftParfillskip=\skip65
\RaggedRightParfillskip=\skip66
\JustifyingParfillskip=\skip67
\CenteringParindent=\skip68
\RaggedLeftParindent=\skip69
\RaggedRightParindent=\skip70
\JustifyingParindent=\skip71
)
Package caption Info: subref 1.2 or 1.3 detected on input line 11.
LaTeX Info: Redefining \subref on input line 11.
LaTeX Font Info:    Try loading font information for U+msa on input line 25.

(/usr/share/texmf-texlive/tex/latex/amsfonts/umsa.fd
File: umsa.fd 2002/01/19 v2.2g AMS font definitions
)
LaTeX Font Info:    Try loading font information for U+msb on input line 25.

(/usr/share/texmf-texlive/tex/latex/amsfonts/umsb.fd
File: umsb.fd 2002/01/19 v2.2g AMS font definitions
)
LaTeX Font Info:    Try loading font information for U+lasy on input line 25.

(/usr/share/texmf-texlive/tex/latex/base/ulasy.fd
File: ulasy.fd 1998/08/17 v2.2e LaTeX symbol font definitions
) (./main.tex [1


{/var/lib/texmf/fonts/map/pdftex/updmap/pdftex.map}]
Underfull \vbox (badness 4859) has occurred while \output is active []

 [2]
LaTeX Font Info:    Font shape `U/lasy/b/n' in size <7> not available
(Font)              Font shape `U/lasy/m/n' tried instead on input line 137.
LaTeX Font Info:    Font shape `U/lasy/b/n' in size <5> not available
(Font)              Font shape `U/lasy/m/n' tried instead on input line 137.

<figures/fcmap.pdf, id=14, 453.55984pt x 260.78116pt>
File: figures/fcmap.pdf Graphic file (type pdf)
 <use figures/fcmap.pdf>
[3] [4 <./figures/fcmap.pdf

pdfTeX warning: pdflatex (file ./figures/fcmap.pdf): PDF inclusion: Page Group 
detected which pdfTeX can't handle. Ignoring it.
>] <figures/pqrs.pdf, id=44, 509.39969pt x 273.1806pt>
File: figures/pqrs.pdf Graphic file (type pdf)
 <use figures/pqrs.pdf>
<figures/model-params.pdf, id=45, 371.60394pt x 300.96033pt>
File: figures/model-params.pdf Graphic file (type pdf)

<use figures/model-params.pdf>
Overfull \hbox (6.16661pt too wide) in paragraph at lines 276--282
 [][][] 
 []

[5] [6 <./figures/pqrs.pdf

pdfTeX warning: pdflatex (file ./figures/pqrs.pdf): PDF inclusion: Page Group d
etected which pdfTeX can't handle. Ignoring it.
> <./figures/model-params.pdf

pdfTeX warning: pdflatex (file ./figures/model-params.pdf): PDF inclusion: Page
 Group detected which pdfTeX can't handle. Ignoring it.
>]

Package amsmath Warning: Foreign command \atop;
(amsmath)                \frac or \genfrac should be used instead
(amsmath)                 on input line 400.

<figures/fin-hypotheses.pdf, id=72, 574.9361pt x 144.45486pt>
File: figures/fin-hypotheses.pdf Graphic file (type pdf)

<use figures/fin-hypotheses.pdf> [7] [8 <./figures/fin-hypotheses.pdf

pdfTeX warning: pdflatex (file ./figures/fin-hypotheses.pdf): PDF inclusion: Pa
ge Group detected which pdfTeX can't handle. Ignoring it.
>] <figures/pixel-residuals.pdf, id=83, 252.31818pt x 158.68393pt>
File: figures/pixel-residuals.pdf Graphic file (type pdf)

<use figures/pixel-residuals.pdf>
LaTeX Font Info:    Font shape `U/lasy/b/n' in size <9> not available
(Font)              Font shape `U/lasy/m/n' tried instead on input line 510.
LaTeX Font Info:    Font shape `U/lasy/b/n' in size <6> not available
(Font)              Font shape `U/lasy/m/n' tried instead on input line 510.
 [9 <./figures/pixel-residuals.pdf

pdfTeX warning: pdflatex (file ./figures/pixel-residuals.pdf): PDF inclusion: P
age Group detected which pdfTeX can't handle. Ignoring it.
>] [10] <figures/positive_montage.png, id=94, 1023.825pt x 652.4375pt>
File: figures/positive_montage.png Graphic file (type png)

<use figures/positive_montage.png>
<figures/failure_montage.png, id=95, 1023.825pt x 260.975pt>
File: figures/failure_montage.png Graphic file (type png)

<use figures/failure_montage.png> (./plots/time_vs_k.tex
\plotpoint=\box59
)
(./plots/jump_thresh.tex) (./for_review.bbl [11] [12 <./figures/positive_montag
e.png> <./figures/failure_montage.png>] [13])) [14] (./for_review.aux) ) 
Here is how much of TeX's memory you used:
 3294 strings out of 95086
 43943 string characters out of 1183255
 136139 words of memory out of 1500000
 6365 multiletter control sequences out of 10000+50000
 17115 words of font info for 66 fonts, out of 1200000 for 2000
 28 hyphenation exceptions out of 8191
 45i,16n,42p,496b,351s stack positions out of 5000i,500n,6000p,200000b,5000s
</usr/s
hare/texmf-texlive/fonts/type1/bluesky/cm/cmbx10.pfb></usr/share/texmf-texlive/
fonts/type1/bluesky/cm/cmbx12.pfb></usr/share/texmf-texlive/fonts/type1/bluesky
/cm/cmbx7.pfb></usr/share/texmf-texlive/fonts/type1/bluesky/cm/cmbx9.pfb></usr/
share/texmf-texlive/fonts/type1/bluesky/cm/cmex10.pfb></usr/share/texmf-texlive
/fonts/type1/bluesky/cm/cmmi10.pfb></usr/share/texmf-texlive/fonts/type1/bluesk
y/cm/cmmi5.pfb></usr/share/texmf-texlive/fonts/type1/bluesky/cm/cmmi6.pfb></usr
/share/texmf-texlive/fonts/type1/bluesky/cm/cmmi7.pfb></usr/share/texmf-texlive
/fonts/type1/bluesky/cm/cmmi9.pfb></usr/share/texmf-texlive/fonts/type1/bluesky
/cm/cmmib10.pfb></usr/share/texmf-texlive/fonts/type1/bluesky/ams/cmmib5.pfb></
usr/share/texmf-texlive/fonts/type1/bluesky/ams/cmmib7.pfb></usr/share/texmf-te
xlive/fonts/type1/bluesky/cm/cmr10.pfb></usr/share/texmf-texlive/fonts/type1/bl
uesky/cm/cmr5.pfb></usr/share/texmf-texlive/fonts/type1/bluesky/cm/cmr6.pfb></u
sr/share/texmf-texlive/fonts/type1/bluesky/cm/cmr7.pfb></usr/share/texmf-texliv
e/fonts/type1/bluesky/cm/cmr9.pfb></usr/share/texmf-texlive/fonts/type1/bluesky
/cm/cmss8.pfb></usr/share/texmf-texlive/fonts/type1/bluesky/cm/cmsy10.pfb></usr
/share/texmf-texlive/fonts/type1/bluesky/cm/cmsy5.pfb></usr/share/texmf-texlive
/fonts/type1/bluesky/cm/cmsy6.pfb></usr/share/texmf-texlive/fonts/type1/bluesky
/cm/cmsy7.pfb></usr/share/texmf-texlive/fonts/type1/bluesky/cm/cmsy9.pfb></usr/
share/texmf-texlive/fonts/type1/bluesky/cm/cmti10.pfb></usr/share/texmf-texlive
/fonts/type1/bluesky/cm/cmti9.pfb></usr/share/texmf-texlive/fonts/type1/bluesky
/latex-fonts/lasy9.pfb></usr/share/texmf-texlive/fonts/type1/bluesky/ams/msbm10
.pfb>
Output written on for_review.pdf (14 pages, 1535232 bytes).
PDF statistics:
 199 PDF objects out of 1000 (max. 8388607)
 0 named destinations out of 1000 (max. 131072)
 36 words of extra memory for PDF output out of 10000 (max. 10000000)

